  [1m[36m (0.3ms)[0m  [1mselect sqlite_version(*)[0m
  [1m[35m (3.3ms)[0m  CREATE TABLE "schema_migrations" ("version" varchar(255) NOT NULL) 
  [1m[36m (0.1ms)[0m  [1mPRAGMA index_list("schema_migrations")[0m
  [1m[35m (3.1ms)[0m  CREATE UNIQUE INDEX "unique_schema_migrations" ON "schema_migrations" ("version")
  [1m[36m (0.3ms)[0m  [1mselect sqlite_version(*)[0m
  [1m[35m (0.1ms)[0m  SELECT "schema_migrations"."version" FROM "schema_migrations" 


Started GET "/" for 127.0.0.1 at 2012-08-06 17:58:47 -0500
Processing by PagesController#home as HTML
  Rendered pages/home.html.erb within layouts/application (4.0ms)
Compiled reset.css  (0ms)  (pid 1196)
Compiled application.css  (9ms)  (pid 1196)
Compiled jquery.js  (2ms)  (pid 1196)
Compiled jquery_ujs.js  (0ms)  (pid 1196)
Compiled application.js  (80ms)  (pid 1196)
Completed 200 OK in 202ms (Views: 201.5ms | ActiveRecord: 0.0ms)


Started GET "/help" for 127.0.0.1 at 2012-08-06 17:59:03 -0500
Processing by PagesController#help as HTML
  Rendered pages/help.html.erb within layouts/application (0.4ms)
Completed 200 OK in 6ms (Views: 5.1ms | ActiveRecord: 0.0ms)


Started GET "/help" for 127.0.0.1 at 2012-08-06 17:59:07 -0500
Processing by PagesController#help as HTML
  Rendered pages/help.html.erb within layouts/application (0.0ms)
Completed 200 OK in 5ms (Views: 4.7ms | ActiveRecord: 0.0ms)


Started GET "/help" for 127.0.0.1 at 2012-08-06 20:39:35 -0500
Processing by PagesController#help as HTML
  Rendered pages/help.html.erb within layouts/application (0.0ms)
Completed 200 OK in 4ms (Views: 4.2ms | ActiveRecord: 0.0ms)


Started GET "/" for 127.0.0.1 at 2012-08-06 21:20:20 -0500
Processing by PagesController#home as HTML
  Rendered pages/home.html.erb within layouts/application (3.1ms)
Completed 200 OK in 774ms (Views: 773.3ms | ActiveRecord: 0.0ms)


Started GET "/help" for 127.0.0.1 at 2012-08-06 21:20:39 -0500
Processing by PagesController#help as HTML
  Rendered pages/help.html.erb within layouts/application (0.4ms)
Completed 200 OK in 6ms (Views: 5.7ms | ActiveRecord: 0.0ms)


Started GET "/help" for 127.0.0.1 at 2012-08-06 21:27:41 -0500
Processing by PagesController#help as HTML
  Rendered pages/help.html.erb within layouts/application (0.0ms)
Completed 200 OK in 5ms (Views: 4.6ms | ActiveRecord: 0.0ms)


Started GET "/help" for 127.0.0.1 at 2012-08-06 21:27:42 -0500
Processing by PagesController#help as HTML
  Rendered pages/help.html.erb within layouts/application (0.0ms)
Completed 200 OK in 5ms (Views: 4.8ms | ActiveRecord: 0.0ms)


Started GET "/help" for 127.0.0.1 at 2012-08-07 09:56:08 -0500
Processing by PagesController#help as HTML
  Rendered pages/help.html.erb within layouts/application (0.0ms)
Completed 200 OK in 6ms (Views: 5.4ms | ActiveRecord: 0.0ms)


Started GET "/help" for 127.0.0.1 at 2012-08-07 09:57:00 -0500
Processing by PagesController#help as HTML
  Rendered pages/help.html.erb within layouts/application (0.1ms)
Completed 200 OK in 6ms (Views: 5.4ms | ActiveRecord: 0.0ms)


Started GET "/" for 127.0.0.1 at 2012-08-07 09:57:06 -0500
Processing by PagesController#home as HTML
  Rendered pages/home.html.erb within layouts/application (0.0ms)
Completed 200 OK in 4ms (Views: 4.3ms | ActiveRecord: 0.0ms)


Started GET "/help" for 127.0.0.1 at 2012-08-07 09:58:25 -0500
Processing by PagesController#help as HTML
  Rendered pages/help.html.erb within layouts/application (0.0ms)
Completed 200 OK in 5ms (Views: 4.7ms | ActiveRecord: 0.0ms)


Started GET "/" for 127.0.0.1 at 2012-08-07 10:19:48 -0500
Processing by PagesController#home as HTML
  Rendered pages/home.html.erb within layouts/application (2.9ms)
Completed 200 OK in 55ms (Views: 54.8ms | ActiveRecord: 0.0ms)


Started GET "/help" for 127.0.0.1 at 2012-08-07 10:20:27 -0500
Processing by PagesController#help as HTML
  Rendered pages/help.html.erb within layouts/application (0.6ms)
Completed 200 OK in 6ms (Views: 5.7ms | ActiveRecord: 0.0ms)


Started GET "/help" for 127.0.0.1 at 2012-08-07 10:20:30 -0500
Processing by PagesController#help as HTML
  Rendered pages/help.html.erb within layouts/application (0.0ms)
Completed 200 OK in 6ms (Views: 6.0ms | ActiveRecord: 0.0ms)


Started GET "/" for 127.0.0.1 at 2012-08-07 10:20:39 -0500
Processing by PagesController#home as HTML
  Rendered pages/home.html.erb within layouts/application (0.0ms)
Completed 200 OK in 6ms (Views: 5.4ms | ActiveRecord: 0.0ms)


Started GET "/show" for 127.0.0.1 at 2012-08-07 10:20:44 -0500

ActionController::RoutingError (No route matches [GET] "/show"):
  actionpack (3.2.3) lib/action_dispatch/middleware/debug_exceptions.rb:21:in `call'
  actionpack (3.2.3) lib/action_dispatch/middleware/show_exceptions.rb:56:in `call'
  railties (3.2.3) lib/rails/rack/logger.rb:26:in `call_app'
  railties (3.2.3) lib/rails/rack/logger.rb:16:in `call'
  quiet_assets (1.0.1) lib/quiet_assets.rb:20:in `call_with_quiet_assets'
  actionpack (3.2.3) lib/action_dispatch/middleware/request_id.rb:22:in `call'
  rack (1.4.1) lib/rack/methodoverride.rb:21:in `call'
  rack (1.4.1) lib/rack/runtime.rb:17:in `call'
  activesupport (3.2.3) lib/active_support/cache/strategy/local_cache.rb:72:in `call'
  rack (1.4.1) lib/rack/lock.rb:15:in `call'
  actionpack (3.2.3) lib/action_dispatch/middleware/static.rb:62:in `call'
  railties (3.2.3) lib/rails/engine.rb:479:in `call'
  railties (3.2.3) lib/rails/application.rb:220:in `call'
  rack (1.4.1) lib/rack/content_length.rb:14:in `call'
  railties (3.2.3) lib/rails/rack/log_tailer.rb:14:in `call'
  thin (1.3.1) lib/thin/connection.rb:80:in `block in pre_process'
  thin (1.3.1) lib/thin/connection.rb:78:in `catch'
  thin (1.3.1) lib/thin/connection.rb:78:in `pre_process'
  thin (1.3.1) lib/thin/connection.rb:53:in `process'
  thin (1.3.1) lib/thin/connection.rb:38:in `receive_data'
  eventmachine (0.12.10) lib/eventmachine.rb:256:in `run_machine'
  eventmachine (0.12.10) lib/eventmachine.rb:256:in `run'
  thin (1.3.1) lib/thin/backends/base.rb:61:in `start'
  thin (1.3.1) lib/thin/server.rb:159:in `start'
  rack (1.4.1) lib/rack/handler/thin.rb:13:in `run'
  rack (1.4.1) lib/rack/server.rb:265:in `start'
  railties (3.2.3) lib/rails/commands/server.rb:70:in `start'
  railties (3.2.3) lib/rails/commands.rb:55:in `block in <top (required)>'
  railties (3.2.3) lib/rails/commands.rb:50:in `tap'
  railties (3.2.3) lib/rails/commands.rb:50:in `<top (required)>'
  script/rails:6:in `require'
  script/rails:6:in `<main>'


  Rendered /Users/josephborremans/.rvm/gems/ruby-1.9.3-p125@rails3tutorial2ndEd/gems/actionpack-3.2.3/lib/action_dispatch/middleware/templates/rescues/routing_error.erb within rescues/layout (0.9ms)


Started GET "/" for 127.0.0.1 at 2012-08-07 10:33:12 -0500
Processing by PagesController#home as HTML
  Rendered pages/home.html.erb within layouts/application (0.0ms)
Completed 200 OK in 6ms (Views: 5.5ms | ActiveRecord: 0.0ms)


Started GET "/help" for 127.0.0.1 at 2012-08-07 10:33:19 -0500
Processing by PagesController#help as HTML
  Rendered pages/help.html.erb within layouts/application (0.0ms)
Completed 200 OK in 5ms (Views: 4.7ms | ActiveRecord: 0.0ms)


Started GET "/" for 127.0.0.1 at 2012-08-07 10:57:31 -0500
Processing by PagesController#home as HTML
  Rendered pages/home.html.erb within layouts/application (0.0ms)
Completed 200 OK in 5ms (Views: 4.6ms | ActiveRecord: 0.0ms)


Started GET "/" for 127.0.0.1 at 2012-08-07 11:39:34 -0500

ActionController::RoutingError (uninitialized constant FlightsController):
  activesupport (3.2.3) lib/active_support/inflector/methods.rb:229:in `block in constantize'
  activesupport (3.2.3) lib/active_support/inflector/methods.rb:228:in `each'
  activesupport (3.2.3) lib/active_support/inflector/methods.rb:228:in `constantize'
  actionpack (3.2.3) lib/action_dispatch/routing/route_set.rb:69:in `controller_reference'
  actionpack (3.2.3) lib/action_dispatch/routing/route_set.rb:54:in `controller'
  actionpack (3.2.3) lib/action_dispatch/routing/route_set.rb:32:in `call'
  journey (1.0.3) lib/journey/router.rb:68:in `block in call'
  journey (1.0.3) lib/journey/router.rb:56:in `each'
  journey (1.0.3) lib/journey/router.rb:56:in `call'
  actionpack (3.2.3) lib/action_dispatch/routing/route_set.rb:600:in `call'
  actionpack (3.2.3) lib/action_dispatch/middleware/best_standards_support.rb:17:in `call'
  rack (1.4.1) lib/rack/etag.rb:23:in `call'
  rack (1.4.1) lib/rack/conditionalget.rb:25:in `call'
  actionpack (3.2.3) lib/action_dispatch/middleware/head.rb:14:in `call'
  actionpack (3.2.3) lib/action_dispatch/middleware/params_parser.rb:21:in `call'
  actionpack (3.2.3) lib/action_dispatch/middleware/flash.rb:242:in `call'
  rack (1.4.1) lib/rack/session/abstract/id.rb:205:in `context'
  rack (1.4.1) lib/rack/session/abstract/id.rb:200:in `call'
  actionpack (3.2.3) lib/action_dispatch/middleware/cookies.rb:338:in `call'
  activerecord (3.2.3) lib/active_record/query_cache.rb:64:in `call'
  activerecord (3.2.3) lib/active_record/connection_adapters/abstract/connection_pool.rb:467:in `call'
  actionpack (3.2.3) lib/action_dispatch/middleware/callbacks.rb:28:in `block in call'
  activesupport (3.2.3) lib/active_support/callbacks.rb:405:in `_run__4610199176445399744__call__1918981487896140153__callbacks'
  activesupport (3.2.3) lib/active_support/callbacks.rb:405:in `__run_callback'
  activesupport (3.2.3) lib/active_support/callbacks.rb:385:in `_run_call_callbacks'
  activesupport (3.2.3) lib/active_support/callbacks.rb:81:in `run_callbacks'
  actionpack (3.2.3) lib/action_dispatch/middleware/callbacks.rb:27:in `call'
  actionpack (3.2.3) lib/action_dispatch/middleware/reloader.rb:65:in `call'
  actionpack (3.2.3) lib/action_dispatch/middleware/remote_ip.rb:31:in `call'
  actionpack (3.2.3) lib/action_dispatch/middleware/debug_exceptions.rb:16:in `call'
  actionpack (3.2.3) lib/action_dispatch/middleware/show_exceptions.rb:56:in `call'
  railties (3.2.3) lib/rails/rack/logger.rb:26:in `call_app'
  railties (3.2.3) lib/rails/rack/logger.rb:16:in `call'
  quiet_assets (1.0.1) lib/quiet_assets.rb:20:in `call_with_quiet_assets'
  actionpack (3.2.3) lib/action_dispatch/middleware/request_id.rb:22:in `call'
  rack (1.4.1) lib/rack/methodoverride.rb:21:in `call'
  rack (1.4.1) lib/rack/runtime.rb:17:in `call'
  activesupport (3.2.3) lib/active_support/cache/strategy/local_cache.rb:72:in `call'
  rack (1.4.1) lib/rack/lock.rb:15:in `call'
  actionpack (3.2.3) lib/action_dispatch/middleware/static.rb:62:in `call'
  railties (3.2.3) lib/rails/engine.rb:479:in `call'
  railties (3.2.3) lib/rails/application.rb:220:in `call'
  rack (1.4.1) lib/rack/content_length.rb:14:in `call'
  railties (3.2.3) lib/rails/rack/log_tailer.rb:14:in `call'
  thin (1.3.1) lib/thin/connection.rb:80:in `block in pre_process'
  thin (1.3.1) lib/thin/connection.rb:78:in `catch'
  thin (1.3.1) lib/thin/connection.rb:78:in `pre_process'
  thin (1.3.1) lib/thin/connection.rb:53:in `process'
  thin (1.3.1) lib/thin/connection.rb:38:in `receive_data'
  eventmachine (0.12.10) lib/eventmachine.rb:256:in `run_machine'
  eventmachine (0.12.10) lib/eventmachine.rb:256:in `run'
  thin (1.3.1) lib/thin/backends/base.rb:61:in `start'
  thin (1.3.1) lib/thin/server.rb:159:in `start'
  rack (1.4.1) lib/rack/handler/thin.rb:13:in `run'
  rack (1.4.1) lib/rack/server.rb:265:in `start'
  railties (3.2.3) lib/rails/commands/server.rb:70:in `start'
  railties (3.2.3) lib/rails/commands.rb:55:in `block in <top (required)>'
  railties (3.2.3) lib/rails/commands.rb:50:in `tap'
  railties (3.2.3) lib/rails/commands.rb:50:in `<top (required)>'
  script/rails:6:in `require'
  script/rails:6:in `<main>'


  Rendered /Users/josephborremans/.rvm/gems/ruby-1.9.3-p125@rails3tutorial2ndEd/gems/actionpack-3.2.3/lib/action_dispatch/middleware/templates/rescues/routing_error.erb within rescues/layout (0.7ms)


Started GET "/mockup" for 127.0.0.1 at 2012-08-07 11:41:18 -0500
Processing by PagesController#home as HTML
  Rendered pages/home.html.erb within layouts/application (0.0ms)
Completed 200 OK in 7ms (Views: 6.2ms | ActiveRecord: 0.0ms)


Started GET "/" for 127.0.0.1 at 2012-08-07 11:41:44 -0500

ActionController::RoutingError (uninitialized constant FlightsController):
  activesupport (3.2.3) lib/active_support/inflector/methods.rb:229:in `block in constantize'
  activesupport (3.2.3) lib/active_support/inflector/methods.rb:228:in `each'
  activesupport (3.2.3) lib/active_support/inflector/methods.rb:228:in `constantize'
  actionpack (3.2.3) lib/action_dispatch/routing/route_set.rb:69:in `controller_reference'
  actionpack (3.2.3) lib/action_dispatch/routing/route_set.rb:54:in `controller'
  actionpack (3.2.3) lib/action_dispatch/routing/route_set.rb:32:in `call'
  journey (1.0.3) lib/journey/router.rb:68:in `block in call'
  journey (1.0.3) lib/journey/router.rb:56:in `each'
  journey (1.0.3) lib/journey/router.rb:56:in `call'
  actionpack (3.2.3) lib/action_dispatch/routing/route_set.rb:600:in `call'
  actionpack (3.2.3) lib/action_dispatch/middleware/best_standards_support.rb:17:in `call'
  rack (1.4.1) lib/rack/etag.rb:23:in `call'
  rack (1.4.1) lib/rack/conditionalget.rb:25:in `call'
  actionpack (3.2.3) lib/action_dispatch/middleware/head.rb:14:in `call'
  actionpack (3.2.3) lib/action_dispatch/middleware/params_parser.rb:21:in `call'
  actionpack (3.2.3) lib/action_dispatch/middleware/flash.rb:242:in `call'
  rack (1.4.1) lib/rack/session/abstract/id.rb:205:in `context'
  rack (1.4.1) lib/rack/session/abstract/id.rb:200:in `call'
  actionpack (3.2.3) lib/action_dispatch/middleware/cookies.rb:338:in `call'
  activerecord (3.2.3) lib/active_record/query_cache.rb:64:in `call'
  activerecord (3.2.3) lib/active_record/connection_adapters/abstract/connection_pool.rb:467:in `call'
  actionpack (3.2.3) lib/action_dispatch/middleware/callbacks.rb:28:in `block in call'
  activesupport (3.2.3) lib/active_support/callbacks.rb:405:in `_run__4610199176445399744__call__1918981487896140153__callbacks'
  activesupport (3.2.3) lib/active_support/callbacks.rb:405:in `__run_callback'
  activesupport (3.2.3) lib/active_support/callbacks.rb:385:in `_run_call_callbacks'
  activesupport (3.2.3) lib/active_support/callbacks.rb:81:in `run_callbacks'
  actionpack (3.2.3) lib/action_dispatch/middleware/callbacks.rb:27:in `call'
  actionpack (3.2.3) lib/action_dispatch/middleware/reloader.rb:65:in `call'
  actionpack (3.2.3) lib/action_dispatch/middleware/remote_ip.rb:31:in `call'
  actionpack (3.2.3) lib/action_dispatch/middleware/debug_exceptions.rb:16:in `call'
  actionpack (3.2.3) lib/action_dispatch/middleware/show_exceptions.rb:56:in `call'
  railties (3.2.3) lib/rails/rack/logger.rb:26:in `call_app'
  railties (3.2.3) lib/rails/rack/logger.rb:16:in `call'
  quiet_assets (1.0.1) lib/quiet_assets.rb:20:in `call_with_quiet_assets'
  actionpack (3.2.3) lib/action_dispatch/middleware/request_id.rb:22:in `call'
  rack (1.4.1) lib/rack/methodoverride.rb:21:in `call'
  rack (1.4.1) lib/rack/runtime.rb:17:in `call'
  activesupport (3.2.3) lib/active_support/cache/strategy/local_cache.rb:72:in `call'
  rack (1.4.1) lib/rack/lock.rb:15:in `call'
  actionpack (3.2.3) lib/action_dispatch/middleware/static.rb:62:in `call'
  railties (3.2.3) lib/rails/engine.rb:479:in `call'
  railties (3.2.3) lib/rails/application.rb:220:in `call'
  rack (1.4.1) lib/rack/content_length.rb:14:in `call'
  railties (3.2.3) lib/rails/rack/log_tailer.rb:14:in `call'
  thin (1.3.1) lib/thin/connection.rb:80:in `block in pre_process'
  thin (1.3.1) lib/thin/connection.rb:78:in `catch'
  thin (1.3.1) lib/thin/connection.rb:78:in `pre_process'
  thin (1.3.1) lib/thin/connection.rb:53:in `process'
  thin (1.3.1) lib/thin/connection.rb:38:in `receive_data'
  eventmachine (0.12.10) lib/eventmachine.rb:256:in `run_machine'
  eventmachine (0.12.10) lib/eventmachine.rb:256:in `run'
  thin (1.3.1) lib/thin/backends/base.rb:61:in `start'
  thin (1.3.1) lib/thin/server.rb:159:in `start'
  rack (1.4.1) lib/rack/handler/thin.rb:13:in `run'
  rack (1.4.1) lib/rack/server.rb:265:in `start'
  railties (3.2.3) lib/rails/commands/server.rb:70:in `start'
  railties (3.2.3) lib/rails/commands.rb:55:in `block in <top (required)>'
  railties (3.2.3) lib/rails/commands.rb:50:in `tap'
  railties (3.2.3) lib/rails/commands.rb:50:in `<top (required)>'
  script/rails:6:in `require'
  script/rails:6:in `<main>'


  Rendered /Users/josephborremans/.rvm/gems/ruby-1.9.3-p125@rails3tutorial2ndEd/gems/actionpack-3.2.3/lib/action_dispatch/middleware/templates/rescues/routing_error.erb within rescues/layout (0.8ms)


Started GET "/" for 127.0.0.1 at 2012-08-07 11:42:07 -0500

ActionController::RoutingError (uninitialized constant FlightsController):
  activesupport (3.2.3) lib/active_support/inflector/methods.rb:229:in `block in constantize'
  activesupport (3.2.3) lib/active_support/inflector/methods.rb:228:in `each'
  activesupport (3.2.3) lib/active_support/inflector/methods.rb:228:in `constantize'
  actionpack (3.2.3) lib/action_dispatch/routing/route_set.rb:69:in `controller_reference'
  actionpack (3.2.3) lib/action_dispatch/routing/route_set.rb:54:in `controller'
  actionpack (3.2.3) lib/action_dispatch/routing/route_set.rb:32:in `call'
  journey (1.0.3) lib/journey/router.rb:68:in `block in call'
  journey (1.0.3) lib/journey/router.rb:56:in `each'
  journey (1.0.3) lib/journey/router.rb:56:in `call'
  actionpack (3.2.3) lib/action_dispatch/routing/route_set.rb:600:in `call'
  actionpack (3.2.3) lib/action_dispatch/middleware/best_standards_support.rb:17:in `call'
  rack (1.4.1) lib/rack/etag.rb:23:in `call'
  rack (1.4.1) lib/rack/conditionalget.rb:25:in `call'
  actionpack (3.2.3) lib/action_dispatch/middleware/head.rb:14:in `call'
  actionpack (3.2.3) lib/action_dispatch/middleware/params_parser.rb:21:in `call'
  actionpack (3.2.3) lib/action_dispatch/middleware/flash.rb:242:in `call'
  rack (1.4.1) lib/rack/session/abstract/id.rb:205:in `context'
  rack (1.4.1) lib/rack/session/abstract/id.rb:200:in `call'
  actionpack (3.2.3) lib/action_dispatch/middleware/cookies.rb:338:in `call'
  activerecord (3.2.3) lib/active_record/query_cache.rb:64:in `call'
  activerecord (3.2.3) lib/active_record/connection_adapters/abstract/connection_pool.rb:467:in `call'
  actionpack (3.2.3) lib/action_dispatch/middleware/callbacks.rb:28:in `block in call'
  activesupport (3.2.3) lib/active_support/callbacks.rb:405:in `_run__4610199176445399744__call__1918981487896140153__callbacks'
  activesupport (3.2.3) lib/active_support/callbacks.rb:405:in `__run_callback'
  activesupport (3.2.3) lib/active_support/callbacks.rb:385:in `_run_call_callbacks'
  activesupport (3.2.3) lib/active_support/callbacks.rb:81:in `run_callbacks'
  actionpack (3.2.3) lib/action_dispatch/middleware/callbacks.rb:27:in `call'
  actionpack (3.2.3) lib/action_dispatch/middleware/reloader.rb:65:in `call'
  actionpack (3.2.3) lib/action_dispatch/middleware/remote_ip.rb:31:in `call'
  actionpack (3.2.3) lib/action_dispatch/middleware/debug_exceptions.rb:16:in `call'
  actionpack (3.2.3) lib/action_dispatch/middleware/show_exceptions.rb:56:in `call'
  railties (3.2.3) lib/rails/rack/logger.rb:26:in `call_app'
  railties (3.2.3) lib/rails/rack/logger.rb:16:in `call'
  quiet_assets (1.0.1) lib/quiet_assets.rb:20:in `call_with_quiet_assets'
  actionpack (3.2.3) lib/action_dispatch/middleware/request_id.rb:22:in `call'
  rack (1.4.1) lib/rack/methodoverride.rb:21:in `call'
  rack (1.4.1) lib/rack/runtime.rb:17:in `call'
  activesupport (3.2.3) lib/active_support/cache/strategy/local_cache.rb:72:in `call'
  rack (1.4.1) lib/rack/lock.rb:15:in `call'
  actionpack (3.2.3) lib/action_dispatch/middleware/static.rb:62:in `call'
  railties (3.2.3) lib/rails/engine.rb:479:in `call'
  railties (3.2.3) lib/rails/application.rb:220:in `call'
  rack (1.4.1) lib/rack/content_length.rb:14:in `call'
  railties (3.2.3) lib/rails/rack/log_tailer.rb:14:in `call'
  thin (1.3.1) lib/thin/connection.rb:80:in `block in pre_process'
  thin (1.3.1) lib/thin/connection.rb:78:in `catch'
  thin (1.3.1) lib/thin/connection.rb:78:in `pre_process'
  thin (1.3.1) lib/thin/connection.rb:53:in `process'
  thin (1.3.1) lib/thin/connection.rb:38:in `receive_data'
  eventmachine (0.12.10) lib/eventmachine.rb:256:in `run_machine'
  eventmachine (0.12.10) lib/eventmachine.rb:256:in `run'
  thin (1.3.1) lib/thin/backends/base.rb:61:in `start'
  thin (1.3.1) lib/thin/server.rb:159:in `start'
  rack (1.4.1) lib/rack/handler/thin.rb:13:in `run'
  rack (1.4.1) lib/rack/server.rb:265:in `start'
  railties (3.2.3) lib/rails/commands/server.rb:70:in `start'
  railties (3.2.3) lib/rails/commands.rb:55:in `block in <top (required)>'
  railties (3.2.3) lib/rails/commands.rb:50:in `tap'
  railties (3.2.3) lib/rails/commands.rb:50:in `<top (required)>'
  script/rails:6:in `require'
  script/rails:6:in `<main>'


  Rendered /Users/josephborremans/.rvm/gems/ruby-1.9.3-p125@rails3tutorial2ndEd/gems/actionpack-3.2.3/lib/action_dispatch/middleware/templates/rescues/routing_error.erb within rescues/layout (0.7ms)


Started GET "/" for 127.0.0.1 at 2012-08-07 11:56:37 -0500

ActionController::RoutingError (uninitialized constant FlightsController):
  activesupport (3.2.3) lib/active_support/inflector/methods.rb:229:in `block in constantize'
  activesupport (3.2.3) lib/active_support/inflector/methods.rb:228:in `each'
  activesupport (3.2.3) lib/active_support/inflector/methods.rb:228:in `constantize'
  actionpack (3.2.3) lib/action_dispatch/routing/route_set.rb:69:in `controller_reference'
  actionpack (3.2.3) lib/action_dispatch/routing/route_set.rb:54:in `controller'
  actionpack (3.2.3) lib/action_dispatch/routing/route_set.rb:32:in `call'
  journey (1.0.3) lib/journey/router.rb:68:in `block in call'
  journey (1.0.3) lib/journey/router.rb:56:in `each'
  journey (1.0.3) lib/journey/router.rb:56:in `call'
  actionpack (3.2.3) lib/action_dispatch/routing/route_set.rb:600:in `call'
  actionpack (3.2.3) lib/action_dispatch/middleware/best_standards_support.rb:17:in `call'
  rack (1.4.1) lib/rack/etag.rb:23:in `call'
  rack (1.4.1) lib/rack/conditionalget.rb:25:in `call'
  actionpack (3.2.3) lib/action_dispatch/middleware/head.rb:14:in `call'
  actionpack (3.2.3) lib/action_dispatch/middleware/params_parser.rb:21:in `call'
  actionpack (3.2.3) lib/action_dispatch/middleware/flash.rb:242:in `call'
  rack (1.4.1) lib/rack/session/abstract/id.rb:205:in `context'
  rack (1.4.1) lib/rack/session/abstract/id.rb:200:in `call'
  actionpack (3.2.3) lib/action_dispatch/middleware/cookies.rb:338:in `call'
  activerecord (3.2.3) lib/active_record/query_cache.rb:64:in `call'
  activerecord (3.2.3) lib/active_record/connection_adapters/abstract/connection_pool.rb:467:in `call'
  actionpack (3.2.3) lib/action_dispatch/middleware/callbacks.rb:28:in `block in call'
  activesupport (3.2.3) lib/active_support/callbacks.rb:405:in `_run__4610199176445399744__call__1918981487896140153__callbacks'
  activesupport (3.2.3) lib/active_support/callbacks.rb:405:in `__run_callback'
  activesupport (3.2.3) lib/active_support/callbacks.rb:385:in `_run_call_callbacks'
  activesupport (3.2.3) lib/active_support/callbacks.rb:81:in `run_callbacks'
  actionpack (3.2.3) lib/action_dispatch/middleware/callbacks.rb:27:in `call'
  actionpack (3.2.3) lib/action_dispatch/middleware/reloader.rb:65:in `call'
  actionpack (3.2.3) lib/action_dispatch/middleware/remote_ip.rb:31:in `call'
  actionpack (3.2.3) lib/action_dispatch/middleware/debug_exceptions.rb:16:in `call'
  actionpack (3.2.3) lib/action_dispatch/middleware/show_exceptions.rb:56:in `call'
  railties (3.2.3) lib/rails/rack/logger.rb:26:in `call_app'
  railties (3.2.3) lib/rails/rack/logger.rb:16:in `call'
  quiet_assets (1.0.1) lib/quiet_assets.rb:20:in `call_with_quiet_assets'
  actionpack (3.2.3) lib/action_dispatch/middleware/request_id.rb:22:in `call'
  rack (1.4.1) lib/rack/methodoverride.rb:21:in `call'
  rack (1.4.1) lib/rack/runtime.rb:17:in `call'
  activesupport (3.2.3) lib/active_support/cache/strategy/local_cache.rb:72:in `call'
  rack (1.4.1) lib/rack/lock.rb:15:in `call'
  actionpack (3.2.3) lib/action_dispatch/middleware/static.rb:62:in `call'
  railties (3.2.3) lib/rails/engine.rb:479:in `call'
  railties (3.2.3) lib/rails/application.rb:220:in `call'
  rack (1.4.1) lib/rack/content_length.rb:14:in `call'
  railties (3.2.3) lib/rails/rack/log_tailer.rb:14:in `call'
  thin (1.3.1) lib/thin/connection.rb:80:in `block in pre_process'
  thin (1.3.1) lib/thin/connection.rb:78:in `catch'
  thin (1.3.1) lib/thin/connection.rb:78:in `pre_process'
  thin (1.3.1) lib/thin/connection.rb:53:in `process'
  thin (1.3.1) lib/thin/connection.rb:38:in `receive_data'
  eventmachine (0.12.10) lib/eventmachine.rb:256:in `run_machine'
  eventmachine (0.12.10) lib/eventmachine.rb:256:in `run'
  thin (1.3.1) lib/thin/backends/base.rb:61:in `start'
  thin (1.3.1) lib/thin/server.rb:159:in `start'
  rack (1.4.1) lib/rack/handler/thin.rb:13:in `run'
  rack (1.4.1) lib/rack/server.rb:265:in `start'
  railties (3.2.3) lib/rails/commands/server.rb:70:in `start'
  railties (3.2.3) lib/rails/commands.rb:55:in `block in <top (required)>'
  railties (3.2.3) lib/rails/commands.rb:50:in `tap'
  railties (3.2.3) lib/rails/commands.rb:50:in `<top (required)>'
  script/rails:6:in `require'
  script/rails:6:in `<main>'


  Rendered /Users/josephborremans/.rvm/gems/ruby-1.9.3-p125@rails3tutorial2ndEd/gems/actionpack-3.2.3/lib/action_dispatch/middleware/templates/rescues/routing_error.erb within rescues/layout (0.7ms)


Started GET "/mockup" for 127.0.0.1 at 2012-08-07 11:56:54 -0500
Processing by PagesController#home as HTML
  Rendered pages/home.html.erb within layouts/application (0.0ms)
Completed 200 OK in 6ms (Views: 5.8ms | ActiveRecord: 0.0ms)


Started GET "/flights" for 127.0.0.1 at 2012-08-07 11:57:12 -0500

ActionController::RoutingError (No route matches [GET] "/flights"):
  actionpack (3.2.3) lib/action_dispatch/middleware/debug_exceptions.rb:21:in `call'
  actionpack (3.2.3) lib/action_dispatch/middleware/show_exceptions.rb:56:in `call'
  railties (3.2.3) lib/rails/rack/logger.rb:26:in `call_app'
  railties (3.2.3) lib/rails/rack/logger.rb:16:in `call'
  quiet_assets (1.0.1) lib/quiet_assets.rb:20:in `call_with_quiet_assets'
  actionpack (3.2.3) lib/action_dispatch/middleware/request_id.rb:22:in `call'
  rack (1.4.1) lib/rack/methodoverride.rb:21:in `call'
  rack (1.4.1) lib/rack/runtime.rb:17:in `call'
  activesupport (3.2.3) lib/active_support/cache/strategy/local_cache.rb:72:in `call'
  rack (1.4.1) lib/rack/lock.rb:15:in `call'
  actionpack (3.2.3) lib/action_dispatch/middleware/static.rb:62:in `call'
  railties (3.2.3) lib/rails/engine.rb:479:in `call'
  railties (3.2.3) lib/rails/application.rb:220:in `call'
  rack (1.4.1) lib/rack/content_length.rb:14:in `call'
  railties (3.2.3) lib/rails/rack/log_tailer.rb:14:in `call'
  thin (1.3.1) lib/thin/connection.rb:80:in `block in pre_process'
  thin (1.3.1) lib/thin/connection.rb:78:in `catch'
  thin (1.3.1) lib/thin/connection.rb:78:in `pre_process'
  thin (1.3.1) lib/thin/connection.rb:53:in `process'
  thin (1.3.1) lib/thin/connection.rb:38:in `receive_data'
  eventmachine (0.12.10) lib/eventmachine.rb:256:in `run_machine'
  eventmachine (0.12.10) lib/eventmachine.rb:256:in `run'
  thin (1.3.1) lib/thin/backends/base.rb:61:in `start'
  thin (1.3.1) lib/thin/server.rb:159:in `start'
  rack (1.4.1) lib/rack/handler/thin.rb:13:in `run'
  rack (1.4.1) lib/rack/server.rb:265:in `start'
  railties (3.2.3) lib/rails/commands/server.rb:70:in `start'
  railties (3.2.3) lib/rails/commands.rb:55:in `block in <top (required)>'
  railties (3.2.3) lib/rails/commands.rb:50:in `tap'
  railties (3.2.3) lib/rails/commands.rb:50:in `<top (required)>'
  script/rails:6:in `require'
  script/rails:6:in `<main>'


  Rendered /Users/josephborremans/.rvm/gems/ruby-1.9.3-p125@rails3tutorial2ndEd/gems/actionpack-3.2.3/lib/action_dispatch/middleware/templates/rescues/routing_error.erb within rescues/layout (0.7ms)


Started GET "/flights/index" for 127.0.0.1 at 2012-08-07 11:57:40 -0500

ActionController::RoutingError (uninitialized constant FlightsController):
  activesupport (3.2.3) lib/active_support/inflector/methods.rb:229:in `block in constantize'
  activesupport (3.2.3) lib/active_support/inflector/methods.rb:228:in `each'
  activesupport (3.2.3) lib/active_support/inflector/methods.rb:228:in `constantize'
  actionpack (3.2.3) lib/action_dispatch/routing/route_set.rb:69:in `controller_reference'
  actionpack (3.2.3) lib/action_dispatch/routing/route_set.rb:54:in `controller'
  actionpack (3.2.3) lib/action_dispatch/routing/route_set.rb:32:in `call'
  journey (1.0.3) lib/journey/router.rb:68:in `block in call'
  journey (1.0.3) lib/journey/router.rb:56:in `each'
  journey (1.0.3) lib/journey/router.rb:56:in `call'
  actionpack (3.2.3) lib/action_dispatch/routing/route_set.rb:600:in `call'
  actionpack (3.2.3) lib/action_dispatch/middleware/best_standards_support.rb:17:in `call'
  rack (1.4.1) lib/rack/etag.rb:23:in `call'
  rack (1.4.1) lib/rack/conditionalget.rb:25:in `call'
  actionpack (3.2.3) lib/action_dispatch/middleware/head.rb:14:in `call'
  actionpack (3.2.3) lib/action_dispatch/middleware/params_parser.rb:21:in `call'
  actionpack (3.2.3) lib/action_dispatch/middleware/flash.rb:242:in `call'
  rack (1.4.1) lib/rack/session/abstract/id.rb:205:in `context'
  rack (1.4.1) lib/rack/session/abstract/id.rb:200:in `call'
  actionpack (3.2.3) lib/action_dispatch/middleware/cookies.rb:338:in `call'
  activerecord (3.2.3) lib/active_record/query_cache.rb:64:in `call'
  activerecord (3.2.3) lib/active_record/connection_adapters/abstract/connection_pool.rb:467:in `call'
  actionpack (3.2.3) lib/action_dispatch/middleware/callbacks.rb:28:in `block in call'
  activesupport (3.2.3) lib/active_support/callbacks.rb:405:in `_run__4610199176445399744__call__1918981487896140153__callbacks'
  activesupport (3.2.3) lib/active_support/callbacks.rb:405:in `__run_callback'
  activesupport (3.2.3) lib/active_support/callbacks.rb:385:in `_run_call_callbacks'
  activesupport (3.2.3) lib/active_support/callbacks.rb:81:in `run_callbacks'
  actionpack (3.2.3) lib/action_dispatch/middleware/callbacks.rb:27:in `call'
  actionpack (3.2.3) lib/action_dispatch/middleware/reloader.rb:65:in `call'
  actionpack (3.2.3) lib/action_dispatch/middleware/remote_ip.rb:31:in `call'
  actionpack (3.2.3) lib/action_dispatch/middleware/debug_exceptions.rb:16:in `call'
  actionpack (3.2.3) lib/action_dispatch/middleware/show_exceptions.rb:56:in `call'
  railties (3.2.3) lib/rails/rack/logger.rb:26:in `call_app'
  railties (3.2.3) lib/rails/rack/logger.rb:16:in `call'
  quiet_assets (1.0.1) lib/quiet_assets.rb:20:in `call_with_quiet_assets'
  actionpack (3.2.3) lib/action_dispatch/middleware/request_id.rb:22:in `call'
  rack (1.4.1) lib/rack/methodoverride.rb:21:in `call'
  rack (1.4.1) lib/rack/runtime.rb:17:in `call'
  activesupport (3.2.3) lib/active_support/cache/strategy/local_cache.rb:72:in `call'
  rack (1.4.1) lib/rack/lock.rb:15:in `call'
  actionpack (3.2.3) lib/action_dispatch/middleware/static.rb:62:in `call'
  railties (3.2.3) lib/rails/engine.rb:479:in `call'
  railties (3.2.3) lib/rails/application.rb:220:in `call'
  rack (1.4.1) lib/rack/content_length.rb:14:in `call'
  railties (3.2.3) lib/rails/rack/log_tailer.rb:14:in `call'
  thin (1.3.1) lib/thin/connection.rb:80:in `block in pre_process'
  thin (1.3.1) lib/thin/connection.rb:78:in `catch'
  thin (1.3.1) lib/thin/connection.rb:78:in `pre_process'
  thin (1.3.1) lib/thin/connection.rb:53:in `process'
  thin (1.3.1) lib/thin/connection.rb:38:in `receive_data'
  eventmachine (0.12.10) lib/eventmachine.rb:256:in `run_machine'
  eventmachine (0.12.10) lib/eventmachine.rb:256:in `run'
  thin (1.3.1) lib/thin/backends/base.rb:61:in `start'
  thin (1.3.1) lib/thin/server.rb:159:in `start'
  rack (1.4.1) lib/rack/handler/thin.rb:13:in `run'
  rack (1.4.1) lib/rack/server.rb:265:in `start'
  railties (3.2.3) lib/rails/commands/server.rb:70:in `start'
  railties (3.2.3) lib/rails/commands.rb:55:in `block in <top (required)>'
  railties (3.2.3) lib/rails/commands.rb:50:in `tap'
  railties (3.2.3) lib/rails/commands.rb:50:in `<top (required)>'
  script/rails:6:in `require'
  script/rails:6:in `<main>'


  Rendered /Users/josephborremans/.rvm/gems/ruby-1.9.3-p125@rails3tutorial2ndEd/gems/actionpack-3.2.3/lib/action_dispatch/middleware/templates/rescues/routing_error.erb within rescues/layout (0.7ms)


Started GET "/" for 127.0.0.1 at 2012-08-07 11:57:53 -0500

ActionController::RoutingError (uninitialized constant FlightsController):
  activesupport (3.2.3) lib/active_support/inflector/methods.rb:229:in `block in constantize'
  activesupport (3.2.3) lib/active_support/inflector/methods.rb:228:in `each'
  activesupport (3.2.3) lib/active_support/inflector/methods.rb:228:in `constantize'
  actionpack (3.2.3) lib/action_dispatch/routing/route_set.rb:69:in `controller_reference'
  actionpack (3.2.3) lib/action_dispatch/routing/route_set.rb:54:in `controller'
  actionpack (3.2.3) lib/action_dispatch/routing/route_set.rb:32:in `call'
  journey (1.0.3) lib/journey/router.rb:68:in `block in call'
  journey (1.0.3) lib/journey/router.rb:56:in `each'
  journey (1.0.3) lib/journey/router.rb:56:in `call'
  actionpack (3.2.3) lib/action_dispatch/routing/route_set.rb:600:in `call'
  actionpack (3.2.3) lib/action_dispatch/middleware/best_standards_support.rb:17:in `call'
  rack (1.4.1) lib/rack/etag.rb:23:in `call'
  rack (1.4.1) lib/rack/conditionalget.rb:25:in `call'
  actionpack (3.2.3) lib/action_dispatch/middleware/head.rb:14:in `call'
  actionpack (3.2.3) lib/action_dispatch/middleware/params_parser.rb:21:in `call'
  actionpack (3.2.3) lib/action_dispatch/middleware/flash.rb:242:in `call'
  rack (1.4.1) lib/rack/session/abstract/id.rb:205:in `context'
  rack (1.4.1) lib/rack/session/abstract/id.rb:200:in `call'
  actionpack (3.2.3) lib/action_dispatch/middleware/cookies.rb:338:in `call'
  activerecord (3.2.3) lib/active_record/query_cache.rb:64:in `call'
  activerecord (3.2.3) lib/active_record/connection_adapters/abstract/connection_pool.rb:467:in `call'
  actionpack (3.2.3) lib/action_dispatch/middleware/callbacks.rb:28:in `block in call'
  activesupport (3.2.3) lib/active_support/callbacks.rb:405:in `_run__4610199176445399744__call__1918981487896140153__callbacks'
  activesupport (3.2.3) lib/active_support/callbacks.rb:405:in `__run_callback'
  activesupport (3.2.3) lib/active_support/callbacks.rb:385:in `_run_call_callbacks'
  activesupport (3.2.3) lib/active_support/callbacks.rb:81:in `run_callbacks'
  actionpack (3.2.3) lib/action_dispatch/middleware/callbacks.rb:27:in `call'
  actionpack (3.2.3) lib/action_dispatch/middleware/reloader.rb:65:in `call'
  actionpack (3.2.3) lib/action_dispatch/middleware/remote_ip.rb:31:in `call'
  actionpack (3.2.3) lib/action_dispatch/middleware/debug_exceptions.rb:16:in `call'
  actionpack (3.2.3) lib/action_dispatch/middleware/show_exceptions.rb:56:in `call'
  railties (3.2.3) lib/rails/rack/logger.rb:26:in `call_app'
  railties (3.2.3) lib/rails/rack/logger.rb:16:in `call'
  quiet_assets (1.0.1) lib/quiet_assets.rb:20:in `call_with_quiet_assets'
  actionpack (3.2.3) lib/action_dispatch/middleware/request_id.rb:22:in `call'
  rack (1.4.1) lib/rack/methodoverride.rb:21:in `call'
  rack (1.4.1) lib/rack/runtime.rb:17:in `call'
  activesupport (3.2.3) lib/active_support/cache/strategy/local_cache.rb:72:in `call'
  rack (1.4.1) lib/rack/lock.rb:15:in `call'
  actionpack (3.2.3) lib/action_dispatch/middleware/static.rb:62:in `call'
  railties (3.2.3) lib/rails/engine.rb:479:in `call'
  railties (3.2.3) lib/rails/application.rb:220:in `call'
  rack (1.4.1) lib/rack/content_length.rb:14:in `call'
  railties (3.2.3) lib/rails/rack/log_tailer.rb:14:in `call'
  thin (1.3.1) lib/thin/connection.rb:80:in `block in pre_process'
  thin (1.3.1) lib/thin/connection.rb:78:in `catch'
  thin (1.3.1) lib/thin/connection.rb:78:in `pre_process'
  thin (1.3.1) lib/thin/connection.rb:53:in `process'
  thin (1.3.1) lib/thin/connection.rb:38:in `receive_data'
  eventmachine (0.12.10) lib/eventmachine.rb:256:in `run_machine'
  eventmachine (0.12.10) lib/eventmachine.rb:256:in `run'
  thin (1.3.1) lib/thin/backends/base.rb:61:in `start'
  thin (1.3.1) lib/thin/server.rb:159:in `start'
  rack (1.4.1) lib/rack/handler/thin.rb:13:in `run'
  rack (1.4.1) lib/rack/server.rb:265:in `start'
  railties (3.2.3) lib/rails/commands/server.rb:70:in `start'
  railties (3.2.3) lib/rails/commands.rb:55:in `block in <top (required)>'
  railties (3.2.3) lib/rails/commands.rb:50:in `tap'
  railties (3.2.3) lib/rails/commands.rb:50:in `<top (required)>'
  script/rails:6:in `require'
  script/rails:6:in `<main>'


  Rendered /Users/josephborremans/.rvm/gems/ruby-1.9.3-p125@rails3tutorial2ndEd/gems/actionpack-3.2.3/lib/action_dispatch/middleware/templates/rescues/routing_error.erb within rescues/layout (0.7ms)


Started GET "/mockup" for 127.0.0.1 at 2012-08-07 11:57:58 -0500
Processing by PagesController#home as HTML
  Rendered pages/home.html.erb within layouts/application (0.0ms)
Completed 200 OK in 6ms (Views: 5.5ms | ActiveRecord: 0.0ms)


Started GET "/help" for 127.0.0.1 at 2012-08-07 11:58:02 -0500
Processing by PagesController#help as HTML
  Rendered pages/help.html.erb within layouts/application (0.0ms)
Completed 200 OK in 5ms (Views: 5.0ms | ActiveRecord: 0.0ms)
  [1m[36m (0.1ms)[0m  [1mSELECT "schema_migrations"."version" FROM "schema_migrations" [0m
Migrating to CreateFlights (20120807170514)
  [1m[35m (0.1ms)[0m  select sqlite_version(*)
  [1m[36m (0.1ms)[0m  [1mbegin transaction[0m
  [1m[35m (1.2ms)[0m  CREATE TABLE "flights" ("id" INTEGER PRIMARY KEY AUTOINCREMENT NOT NULL, "number" integer, "departure_airport_code" varchar(255), "departs_at" time, "arrival_airport_code" varchar(255), "distance" integer, "created_at" datetime NOT NULL, "updated_at" datetime NOT NULL) 
  [1m[36m (0.3ms)[0m  [1mINSERT INTO "schema_migrations" ("version") VALUES ('20120807170514')[0m
  [1m[35m (11.8ms)[0m  commit transaction
  [1m[36m (0.3ms)[0m  [1mselect sqlite_version(*)[0m
  [1m[35m (0.1ms)[0m  SELECT "schema_migrations"."version" FROM "schema_migrations" 
  [1m[36m (0.0ms)[0m  [1mPRAGMA index_list("flights")[0m


Started GET "/" for 127.0.0.1 at 2012-08-07 12:11:45 -0500
Processing by FlightsController#index as HTML
  [1m[36mFlight Load (0.1ms)[0m  [1mSELECT "flights".* FROM "flights" [0m
  Rendered flights/index.html.erb within layouts/application (1.2ms)
Compiled flights.css  (24ms)  (pid 839)
Compiled scaffolds.css  (45ms)  (pid 839)
Compiled application.css  (88ms)  (pid 839)
Compiled flights.js  (161ms)  (pid 839)
Compiled application.js  (175ms)  (pid 839)
Completed 200 OK in 466ms (Views: 420.2ms | ActiveRecord: 4.6ms)


Started GET "/mockup" for 127.0.0.1 at 2012-08-07 12:11:53 -0500
Processing by PagesController#home as HTML
  Rendered pages/home.html.erb within layouts/application (0.1ms)
Completed 200 OK in 8ms (Views: 7.8ms | ActiveRecord: 0.0ms)


Started GET "/help" for 127.0.0.1 at 2012-08-07 12:11:57 -0500
Processing by PagesController#help as HTML
  Rendered pages/help.html.erb within layouts/application (0.0ms)
Completed 200 OK in 7ms (Views: 6.4ms | ActiveRecord: 0.0ms)


Started GET "/index" for 127.0.0.1 at 2012-08-07 12:12:05 -0500

ActionController::RoutingError (No route matches [GET] "/index"):
  actionpack (3.2.3) lib/action_dispatch/middleware/debug_exceptions.rb:21:in `call'
  actionpack (3.2.3) lib/action_dispatch/middleware/show_exceptions.rb:56:in `call'
  railties (3.2.3) lib/rails/rack/logger.rb:26:in `call_app'
  railties (3.2.3) lib/rails/rack/logger.rb:16:in `call'
  quiet_assets (1.0.1) lib/quiet_assets.rb:20:in `call_with_quiet_assets'
  actionpack (3.2.3) lib/action_dispatch/middleware/request_id.rb:22:in `call'
  rack (1.4.1) lib/rack/methodoverride.rb:21:in `call'
  rack (1.4.1) lib/rack/runtime.rb:17:in `call'
  activesupport (3.2.3) lib/active_support/cache/strategy/local_cache.rb:72:in `call'
  rack (1.4.1) lib/rack/lock.rb:15:in `call'
  actionpack (3.2.3) lib/action_dispatch/middleware/static.rb:62:in `call'
  railties (3.2.3) lib/rails/engine.rb:479:in `call'
  railties (3.2.3) lib/rails/application.rb:220:in `call'
  rack (1.4.1) lib/rack/content_length.rb:14:in `call'
  railties (3.2.3) lib/rails/rack/log_tailer.rb:14:in `call'
  thin (1.3.1) lib/thin/connection.rb:80:in `block in pre_process'
  thin (1.3.1) lib/thin/connection.rb:78:in `catch'
  thin (1.3.1) lib/thin/connection.rb:78:in `pre_process'
  thin (1.3.1) lib/thin/connection.rb:53:in `process'
  thin (1.3.1) lib/thin/connection.rb:38:in `receive_data'
  eventmachine (0.12.10) lib/eventmachine.rb:256:in `run_machine'
  eventmachine (0.12.10) lib/eventmachine.rb:256:in `run'
  thin (1.3.1) lib/thin/backends/base.rb:61:in `start'
  thin (1.3.1) lib/thin/server.rb:159:in `start'
  rack (1.4.1) lib/rack/handler/thin.rb:13:in `run'
  rack (1.4.1) lib/rack/server.rb:265:in `start'
  railties (3.2.3) lib/rails/commands/server.rb:70:in `start'
  railties (3.2.3) lib/rails/commands.rb:55:in `block in <top (required)>'
  railties (3.2.3) lib/rails/commands.rb:50:in `tap'
  railties (3.2.3) lib/rails/commands.rb:50:in `<top (required)>'
  script/rails:6:in `require'
  script/rails:6:in `<main>'


  Rendered /Users/josephborremans/.rvm/gems/ruby-1.9.3-p125@rails3tutorial2ndEd/gems/actionpack-3.2.3/lib/action_dispatch/middleware/templates/rescues/routing_error.erb within rescues/layout (40.6ms)


Started GET "/" for 127.0.0.1 at 2012-08-07 12:12:48 -0500
Processing by FlightsController#index as HTML
  [1m[35mFlight Load (0.3ms)[0m  SELECT "flights".* FROM "flights" 
  Rendered flights/index.html.erb within layouts/application (0.5ms)
Completed 200 OK in 9ms (Views: 8.0ms | ActiveRecord: 0.3ms)


Started GET "/mockup" for 127.0.0.1 at 2012-08-07 12:13:25 -0500
Processing by PagesController#home as HTML
  Rendered pages/home.html.erb within layouts/application (0.0ms)
Completed 200 OK in 6ms (Views: 6.0ms | ActiveRecord: 0.0ms)


Started GET "/flights/index" for 127.0.0.1 at 2012-08-07 12:13:52 -0500
Processing by FlightsController#show as HTML
  Parameters: {"id"=>"index"}
  [1m[36mFlight Load (0.7ms)[0m  [1mSELECT "flights".* FROM "flights" WHERE "flights"."id" = ? LIMIT 1[0m  [["id", "index"]]
Completed 500 Internal Server Error in 3ms

ActiveRecord::RecordNotFound (Couldn't find Flight with id=index):
  app/controllers/flights_controller.rb:16:in `show'


  Rendered /Users/josephborremans/.rvm/gems/ruby-1.9.3-p125@rails3tutorial2ndEd/gems/actionpack-3.2.3/lib/action_dispatch/middleware/templates/rescues/_trace.erb (3.8ms)
  Rendered /Users/josephborremans/.rvm/gems/ruby-1.9.3-p125@rails3tutorial2ndEd/gems/actionpack-3.2.3/lib/action_dispatch/middleware/templates/rescues/_request_and_response.erb (1.3ms)
  Rendered /Users/josephborremans/.rvm/gems/ruby-1.9.3-p125@rails3tutorial2ndEd/gems/actionpack-3.2.3/lib/action_dispatch/middleware/templates/rescues/diagnostics.erb within rescues/layout (18.3ms)


Started GET "/" for 127.0.0.1 at 2012-08-09 14:20:00 -0500

SyntaxError (/Users/josephborremans/rails_projects/ca/bebair/app/controllers/flights_controller.rb:7: syntax error, unexpected $end, expecting keyword_end):
  activesupport (3.2.3) lib/active_support/dependencies.rb:469:in `load'
  activesupport (3.2.3) lib/active_support/dependencies.rb:469:in `block in load_file'
  activesupport (3.2.3) lib/active_support/dependencies.rb:639:in `new_constants_in'
  activesupport (3.2.3) lib/active_support/dependencies.rb:468:in `load_file'
  activesupport (3.2.3) lib/active_support/dependencies.rb:353:in `require_or_load'
  activesupport (3.2.3) lib/active_support/dependencies.rb:502:in `load_missing_constant'
  activesupport (3.2.3) lib/active_support/dependencies.rb:192:in `block in const_missing'
  activesupport (3.2.3) lib/active_support/dependencies.rb:190:in `each'
  activesupport (3.2.3) lib/active_support/dependencies.rb:190:in `const_missing'
  activesupport (3.2.3) lib/active_support/inflector/methods.rb:229:in `block in constantize'
  activesupport (3.2.3) lib/active_support/inflector/methods.rb:228:in `each'
  activesupport (3.2.3) lib/active_support/inflector/methods.rb:228:in `constantize'
  activesupport (3.2.3) lib/active_support/dependencies.rb:554:in `get'
  actionpack (3.2.3) lib/action_dispatch/routing/route_set.rb:69:in `controller_reference'
  actionpack (3.2.3) lib/action_dispatch/routing/route_set.rb:54:in `controller'
  actionpack (3.2.3) lib/action_dispatch/routing/route_set.rb:32:in `call'
  journey (1.0.3) lib/journey/router.rb:68:in `block in call'
  journey (1.0.3) lib/journey/router.rb:56:in `each'
  journey (1.0.3) lib/journey/router.rb:56:in `call'
  actionpack (3.2.3) lib/action_dispatch/routing/route_set.rb:600:in `call'
  actionpack (3.2.3) lib/action_dispatch/middleware/best_standards_support.rb:17:in `call'
  rack (1.4.1) lib/rack/etag.rb:23:in `call'
  rack (1.4.1) lib/rack/conditionalget.rb:25:in `call'
  actionpack (3.2.3) lib/action_dispatch/middleware/head.rb:14:in `call'
  actionpack (3.2.3) lib/action_dispatch/middleware/params_parser.rb:21:in `call'
  actionpack (3.2.3) lib/action_dispatch/middleware/flash.rb:242:in `call'
  rack (1.4.1) lib/rack/session/abstract/id.rb:205:in `context'
  rack (1.4.1) lib/rack/session/abstract/id.rb:200:in `call'
  actionpack (3.2.3) lib/action_dispatch/middleware/cookies.rb:338:in `call'
  activerecord (3.2.3) lib/active_record/query_cache.rb:64:in `call'
  activerecord (3.2.3) lib/active_record/connection_adapters/abstract/connection_pool.rb:467:in `call'
  actionpack (3.2.3) lib/action_dispatch/middleware/callbacks.rb:28:in `block in call'
  activesupport (3.2.3) lib/active_support/callbacks.rb:405:in `_run__1400752683483746275__call__1708280429491613731__callbacks'
  activesupport (3.2.3) lib/active_support/callbacks.rb:405:in `__run_callback'
  activesupport (3.2.3) lib/active_support/callbacks.rb:385:in `_run_call_callbacks'
  activesupport (3.2.3) lib/active_support/callbacks.rb:81:in `run_callbacks'
  actionpack (3.2.3) lib/action_dispatch/middleware/callbacks.rb:27:in `call'
  actionpack (3.2.3) lib/action_dispatch/middleware/reloader.rb:65:in `call'
  actionpack (3.2.3) lib/action_dispatch/middleware/remote_ip.rb:31:in `call'
  actionpack (3.2.3) lib/action_dispatch/middleware/debug_exceptions.rb:16:in `call'
  actionpack (3.2.3) lib/action_dispatch/middleware/show_exceptions.rb:56:in `call'
  railties (3.2.3) lib/rails/rack/logger.rb:26:in `call_app'
  railties (3.2.3) lib/rails/rack/logger.rb:16:in `call'
  quiet_assets (1.0.1) lib/quiet_assets.rb:20:in `call_with_quiet_assets'
  actionpack (3.2.3) lib/action_dispatch/middleware/request_id.rb:22:in `call'
  rack (1.4.1) lib/rack/methodoverride.rb:21:in `call'
  rack (1.4.1) lib/rack/runtime.rb:17:in `call'
  activesupport (3.2.3) lib/active_support/cache/strategy/local_cache.rb:72:in `call'
  rack (1.4.1) lib/rack/lock.rb:15:in `call'
  actionpack (3.2.3) lib/action_dispatch/middleware/static.rb:62:in `call'
  railties (3.2.3) lib/rails/engine.rb:479:in `call'
  railties (3.2.3) lib/rails/application.rb:220:in `call'
  rack (1.4.1) lib/rack/content_length.rb:14:in `call'
  railties (3.2.3) lib/rails/rack/log_tailer.rb:14:in `call'
  thin (1.3.1) lib/thin/connection.rb:80:in `block in pre_process'
  thin (1.3.1) lib/thin/connection.rb:78:in `catch'
  thin (1.3.1) lib/thin/connection.rb:78:in `pre_process'
  thin (1.3.1) lib/thin/connection.rb:53:in `process'
  thin (1.3.1) lib/thin/connection.rb:38:in `receive_data'
  eventmachine (0.12.10) lib/eventmachine.rb:256:in `run_machine'
  eventmachine (0.12.10) lib/eventmachine.rb:256:in `run'
  thin (1.3.1) lib/thin/backends/base.rb:61:in `start'
  thin (1.3.1) lib/thin/server.rb:159:in `start'
  rack (1.4.1) lib/rack/handler/thin.rb:13:in `run'
  rack (1.4.1) lib/rack/server.rb:265:in `start'
  railties (3.2.3) lib/rails/commands/server.rb:70:in `start'
  railties (3.2.3) lib/rails/commands.rb:55:in `block in <top (required)>'
  railties (3.2.3) lib/rails/commands.rb:50:in `tap'
  railties (3.2.3) lib/rails/commands.rb:50:in `<top (required)>'
  script/rails:6:in `require'
  script/rails:6:in `<main>'


  Rendered /Users/josephborremans/.rvm/gems/ruby-1.9.3-p125@rails3tutorial2ndEd/gems/actionpack-3.2.3/lib/action_dispatch/middleware/templates/rescues/_trace.erb (3.2ms)
  Rendered /Users/josephborremans/.rvm/gems/ruby-1.9.3-p125@rails3tutorial2ndEd/gems/actionpack-3.2.3/lib/action_dispatch/middleware/templates/rescues/_request_and_response.erb (2.9ms)
  Rendered /Users/josephborremans/.rvm/gems/ruby-1.9.3-p125@rails3tutorial2ndEd/gems/actionpack-3.2.3/lib/action_dispatch/middleware/templates/rescues/diagnostics.erb within rescues/layout (20.9ms)


Started GET "/" for 127.0.0.1 at 2012-08-09 14:22:04 -0500
Processing by FlightsController#index as HTML
  Rendered flights/index.html.erb within layouts/application (0.5ms)
Completed 200 OK in 99ms (Views: 98.2ms | ActiveRecord: 0.0ms)


Started GET "/help" for 127.0.0.1 at 2012-08-09 14:22:09 -0500
Processing by PagesController#help as HTML
  Rendered pages/help.html.erb within layouts/application (0.5ms)
Completed 200 OK in 9ms (Views: 8.0ms | ActiveRecord: 0.0ms)


Started GET "/" for 127.0.0.1 at 2012-08-09 14:23:07 -0500
Processing by FlightsController#index as HTML
  Rendered flights/index.html.erb within layouts/application (0.0ms)
Completed 200 OK in 7ms (Views: 6.3ms | ActiveRecord: 0.0ms)


Started GET "/help" for 127.0.0.1 at 2012-08-09 14:59:37 -0500
Processing by PagesController#help as HTML
  Rendered pages/help.html.erb within layouts/application (0.0ms)
Completed 200 OK in 7ms (Views: 6.5ms | ActiveRecord: 0.0ms)


Started GET "/" for 127.0.0.1 at 2012-08-09 15:28:13 -0500
Processing by FlightsController#index as HTML
Completed 500 Internal Server Error in 4ms

NameError (undefined local variable or method `all' for #<FlightsController:0x00000100f3e2a0>):
  app/controllers/flights_controller.rb:4:in `index'


  Rendered /Users/josephborremans/.rvm/gems/ruby-1.9.3-p125@rails3tutorial2ndEd/gems/actionpack-3.2.3/lib/action_dispatch/middleware/templates/rescues/_trace.erb (3.4ms)
  Rendered /Users/josephborremans/.rvm/gems/ruby-1.9.3-p125@rails3tutorial2ndEd/gems/actionpack-3.2.3/lib/action_dispatch/middleware/templates/rescues/_request_and_response.erb (2.4ms)
  Rendered /Users/josephborremans/.rvm/gems/ruby-1.9.3-p125@rails3tutorial2ndEd/gems/actionpack-3.2.3/lib/action_dispatch/middleware/templates/rescues/diagnostics.erb within rescues/layout (13.9ms)


Started GET "/" for 127.0.0.1 at 2012-08-09 15:30:10 -0500
Processing by FlightsController#index as HTML
  [1m[36mFlight Load (0.1ms)[0m  [1mSELECT "flights".* FROM "flights" [0m
  Rendered flights/index.html.erb within layouts/application (0.6ms)
Completed 200 OK in 65ms (Views: 7.2ms | ActiveRecord: 4.5ms)


Started GET "/flights/index" for 127.0.0.1 at 2012-08-09 15:30:32 -0500

AbstractController::ActionNotFound (The action 'show' could not be found for FlightsController):
  actionpack (3.2.3) lib/abstract_controller/base.rb:116:in `process'
  actionpack (3.2.3) lib/abstract_controller/rendering.rb:45:in `process'
  actionpack (3.2.3) lib/action_controller/metal.rb:203:in `dispatch'
  actionpack (3.2.3) lib/action_controller/metal/rack_delegation.rb:14:in `dispatch'
  actionpack (3.2.3) lib/action_controller/metal.rb:246:in `block in action'
  actionpack (3.2.3) lib/action_dispatch/routing/route_set.rb:73:in `call'
  actionpack (3.2.3) lib/action_dispatch/routing/route_set.rb:73:in `dispatch'
  actionpack (3.2.3) lib/action_dispatch/routing/route_set.rb:36:in `call'
  journey (1.0.3) lib/journey/router.rb:68:in `block in call'
  journey (1.0.3) lib/journey/router.rb:56:in `each'
  journey (1.0.3) lib/journey/router.rb:56:in `call'
  actionpack (3.2.3) lib/action_dispatch/routing/route_set.rb:600:in `call'
  actionpack (3.2.3) lib/action_dispatch/middleware/best_standards_support.rb:17:in `call'
  rack (1.4.1) lib/rack/etag.rb:23:in `call'
  rack (1.4.1) lib/rack/conditionalget.rb:25:in `call'
  actionpack (3.2.3) lib/action_dispatch/middleware/head.rb:14:in `call'
  actionpack (3.2.3) lib/action_dispatch/middleware/params_parser.rb:21:in `call'
  actionpack (3.2.3) lib/action_dispatch/middleware/flash.rb:242:in `call'
  rack (1.4.1) lib/rack/session/abstract/id.rb:205:in `context'
  rack (1.4.1) lib/rack/session/abstract/id.rb:200:in `call'
  actionpack (3.2.3) lib/action_dispatch/middleware/cookies.rb:338:in `call'
  activerecord (3.2.3) lib/active_record/query_cache.rb:64:in `call'
  activerecord (3.2.3) lib/active_record/connection_adapters/abstract/connection_pool.rb:467:in `call'
  actionpack (3.2.3) lib/action_dispatch/middleware/callbacks.rb:28:in `block in call'
  activesupport (3.2.3) lib/active_support/callbacks.rb:405:in `_run__1400752683483746275__call__1708280429491613731__callbacks'
  activesupport (3.2.3) lib/active_support/callbacks.rb:405:in `__run_callback'
  activesupport (3.2.3) lib/active_support/callbacks.rb:385:in `_run_call_callbacks'
  activesupport (3.2.3) lib/active_support/callbacks.rb:81:in `run_callbacks'
  actionpack (3.2.3) lib/action_dispatch/middleware/callbacks.rb:27:in `call'
  actionpack (3.2.3) lib/action_dispatch/middleware/reloader.rb:65:in `call'
  actionpack (3.2.3) lib/action_dispatch/middleware/remote_ip.rb:31:in `call'
  actionpack (3.2.3) lib/action_dispatch/middleware/debug_exceptions.rb:16:in `call'
  actionpack (3.2.3) lib/action_dispatch/middleware/show_exceptions.rb:56:in `call'
  railties (3.2.3) lib/rails/rack/logger.rb:26:in `call_app'
  railties (3.2.3) lib/rails/rack/logger.rb:16:in `call'
  quiet_assets (1.0.1) lib/quiet_assets.rb:20:in `call_with_quiet_assets'
  actionpack (3.2.3) lib/action_dispatch/middleware/request_id.rb:22:in `call'
  rack (1.4.1) lib/rack/methodoverride.rb:21:in `call'
  rack (1.4.1) lib/rack/runtime.rb:17:in `call'
  activesupport (3.2.3) lib/active_support/cache/strategy/local_cache.rb:72:in `call'
  rack (1.4.1) lib/rack/lock.rb:15:in `call'
  actionpack (3.2.3) lib/action_dispatch/middleware/static.rb:62:in `call'
  railties (3.2.3) lib/rails/engine.rb:479:in `call'
  railties (3.2.3) lib/rails/application.rb:220:in `call'
  rack (1.4.1) lib/rack/content_length.rb:14:in `call'
  railties (3.2.3) lib/rails/rack/log_tailer.rb:14:in `call'
  thin (1.3.1) lib/thin/connection.rb:80:in `block in pre_process'
  thin (1.3.1) lib/thin/connection.rb:78:in `catch'
  thin (1.3.1) lib/thin/connection.rb:78:in `pre_process'
  thin (1.3.1) lib/thin/connection.rb:53:in `process'
  thin (1.3.1) lib/thin/connection.rb:38:in `receive_data'
  eventmachine (0.12.10) lib/eventmachine.rb:256:in `run_machine'
  eventmachine (0.12.10) lib/eventmachine.rb:256:in `run'
  thin (1.3.1) lib/thin/backends/base.rb:61:in `start'
  thin (1.3.1) lib/thin/server.rb:159:in `start'
  rack (1.4.1) lib/rack/handler/thin.rb:13:in `run'
  rack (1.4.1) lib/rack/server.rb:265:in `start'
  railties (3.2.3) lib/rails/commands/server.rb:70:in `start'
  railties (3.2.3) lib/rails/commands.rb:55:in `block in <top (required)>'
  railties (3.2.3) lib/rails/commands.rb:50:in `tap'
  railties (3.2.3) lib/rails/commands.rb:50:in `<top (required)>'
  script/rails:6:in `require'
  script/rails:6:in `<main>'


  Rendered /Users/josephborremans/.rvm/gems/ruby-1.9.3-p125@rails3tutorial2ndEd/gems/actionpack-3.2.3/lib/action_dispatch/middleware/templates/rescues/unknown_action.erb within rescues/layout (0.6ms)


Started GET "/flights" for 127.0.0.1 at 2012-08-09 15:31:04 -0500
Processing by FlightsController#index as HTML
  [1m[35mFlight Load (0.2ms)[0m  SELECT "flights".* FROM "flights" 
  Rendered flights/index.html.erb within layouts/application (0.1ms)
Completed 200 OK in 14ms (Views: 13.0ms | ActiveRecord: 0.2ms)


Started GET "/flights" for 127.0.0.1 at 2012-08-09 15:33:05 -0500

ActionController::RoutingError (No route matches [GET] "/flights"):
  actionpack (3.2.3) lib/action_dispatch/middleware/debug_exceptions.rb:21:in `call'
  actionpack (3.2.3) lib/action_dispatch/middleware/show_exceptions.rb:56:in `call'
  railties (3.2.3) lib/rails/rack/logger.rb:26:in `call_app'
  railties (3.2.3) lib/rails/rack/logger.rb:16:in `call'
  quiet_assets (1.0.1) lib/quiet_assets.rb:20:in `call_with_quiet_assets'
  actionpack (3.2.3) lib/action_dispatch/middleware/request_id.rb:22:in `call'
  rack (1.4.1) lib/rack/methodoverride.rb:21:in `call'
  rack (1.4.1) lib/rack/runtime.rb:17:in `call'
  activesupport (3.2.3) lib/active_support/cache/strategy/local_cache.rb:72:in `call'
  rack (1.4.1) lib/rack/lock.rb:15:in `call'
  actionpack (3.2.3) lib/action_dispatch/middleware/static.rb:62:in `call'
  railties (3.2.3) lib/rails/engine.rb:479:in `call'
  railties (3.2.3) lib/rails/application.rb:220:in `call'
  rack (1.4.1) lib/rack/content_length.rb:14:in `call'
  railties (3.2.3) lib/rails/rack/log_tailer.rb:14:in `call'
  thin (1.3.1) lib/thin/connection.rb:80:in `block in pre_process'
  thin (1.3.1) lib/thin/connection.rb:78:in `catch'
  thin (1.3.1) lib/thin/connection.rb:78:in `pre_process'
  thin (1.3.1) lib/thin/connection.rb:53:in `process'
  thin (1.3.1) lib/thin/connection.rb:38:in `receive_data'
  eventmachine (0.12.10) lib/eventmachine.rb:256:in `run_machine'
  eventmachine (0.12.10) lib/eventmachine.rb:256:in `run'
  thin (1.3.1) lib/thin/backends/base.rb:61:in `start'
  thin (1.3.1) lib/thin/server.rb:159:in `start'
  rack (1.4.1) lib/rack/handler/thin.rb:13:in `run'
  rack (1.4.1) lib/rack/server.rb:265:in `start'
  railties (3.2.3) lib/rails/commands/server.rb:70:in `start'
  railties (3.2.3) lib/rails/commands.rb:55:in `block in <top (required)>'
  railties (3.2.3) lib/rails/commands.rb:50:in `tap'
  railties (3.2.3) lib/rails/commands.rb:50:in `<top (required)>'
  script/rails:6:in `require'
  script/rails:6:in `<main>'


  Rendered /Users/josephborremans/.rvm/gems/ruby-1.9.3-p125@rails3tutorial2ndEd/gems/actionpack-3.2.3/lib/action_dispatch/middleware/templates/rescues/routing_error.erb within rescues/layout (0.7ms)


Started GET "/flights" for 127.0.0.1 at 2012-08-09 15:34:54 -0500

ActionController::RoutingError (No route matches [GET] "/flights"):
  actionpack (3.2.3) lib/action_dispatch/middleware/debug_exceptions.rb:21:in `call'
  actionpack (3.2.3) lib/action_dispatch/middleware/show_exceptions.rb:56:in `call'
  railties (3.2.3) lib/rails/rack/logger.rb:26:in `call_app'
  railties (3.2.3) lib/rails/rack/logger.rb:16:in `call'
  quiet_assets (1.0.1) lib/quiet_assets.rb:20:in `call_with_quiet_assets'
  actionpack (3.2.3) lib/action_dispatch/middleware/request_id.rb:22:in `call'
  rack (1.4.1) lib/rack/methodoverride.rb:21:in `call'
  rack (1.4.1) lib/rack/runtime.rb:17:in `call'
  activesupport (3.2.3) lib/active_support/cache/strategy/local_cache.rb:72:in `call'
  rack (1.4.1) lib/rack/lock.rb:15:in `call'
  actionpack (3.2.3) lib/action_dispatch/middleware/static.rb:62:in `call'
  railties (3.2.3) lib/rails/engine.rb:479:in `call'
  railties (3.2.3) lib/rails/application.rb:220:in `call'
  rack (1.4.1) lib/rack/content_length.rb:14:in `call'
  railties (3.2.3) lib/rails/rack/log_tailer.rb:14:in `call'
  thin (1.3.1) lib/thin/connection.rb:80:in `block in pre_process'
  thin (1.3.1) lib/thin/connection.rb:78:in `catch'
  thin (1.3.1) lib/thin/connection.rb:78:in `pre_process'
  thin (1.3.1) lib/thin/connection.rb:53:in `process'
  thin (1.3.1) lib/thin/connection.rb:38:in `receive_data'
  eventmachine (0.12.10) lib/eventmachine.rb:256:in `run_machine'
  eventmachine (0.12.10) lib/eventmachine.rb:256:in `run'
  thin (1.3.1) lib/thin/backends/base.rb:61:in `start'
  thin (1.3.1) lib/thin/server.rb:159:in `start'
  rack (1.4.1) lib/rack/handler/thin.rb:13:in `run'
  rack (1.4.1) lib/rack/server.rb:265:in `start'
  railties (3.2.3) lib/rails/commands/server.rb:70:in `start'
  railties (3.2.3) lib/rails/commands.rb:55:in `block in <top (required)>'
  railties (3.2.3) lib/rails/commands.rb:50:in `tap'
  railties (3.2.3) lib/rails/commands.rb:50:in `<top (required)>'
  script/rails:6:in `require'
  script/rails:6:in `<main>'


  Rendered /Users/josephborremans/.rvm/gems/ruby-1.9.3-p125@rails3tutorial2ndEd/gems/actionpack-3.2.3/lib/action_dispatch/middleware/templates/rescues/routing_error.erb within rescues/layout (0.7ms)


Started GET "/" for 127.0.0.1 at 2012-08-09 15:35:02 -0500
Processing by FlightsController#index as HTML
  [1m[36mFlight Load (0.8ms)[0m  [1mSELECT "flights".* FROM "flights" [0m
  Rendered flights/index.html.erb within layouts/application (0.1ms)
Completed 200 OK in 12ms (Views: 7.2ms | ActiveRecord: 1.5ms)


Started GET "/help" for 127.0.0.1 at 2012-08-09 15:35:12 -0500
Processing by PagesController#help as HTML
  Rendered pages/help.html.erb within layouts/application (0.1ms)
Completed 200 OK in 9ms (Views: 8.0ms | ActiveRecord: 0.0ms)


Started GET "/flights/index" for 127.0.0.1 at 2012-08-09 15:35:44 -0500
Processing by FlightsController#index as HTML
  [1m[35mFlight Load (0.3ms)[0m  SELECT "flights".* FROM "flights" 
  Rendered flights/index.html.erb within layouts/application (0.1ms)
Completed 200 OK in 10ms (Views: 8.6ms | ActiveRecord: 0.3ms)


Started GET "/mockup" for 127.0.0.1 at 2012-08-09 15:36:11 -0500
Processing by PagesController#home as HTML
  Rendered pages/home.html.erb within layouts/application (0.6ms)
Completed 200 OK in 8ms (Views: 7.7ms | ActiveRecord: 0.0ms)


Started GET "/help" for 127.0.0.1 at 2012-08-09 15:36:24 -0500
Processing by PagesController#help as HTML
  Rendered pages/help.html.erb within layouts/application (0.1ms)
Completed 200 OK in 6ms (Views: 6.2ms | ActiveRecord: 0.0ms)


Started GET "/help" for 127.0.0.1 at 2012-08-09 15:37:23 -0500
Processing by PagesController#help as HTML
  Rendered pages/help.html.erb within layouts/application (0.1ms)
Completed 200 OK in 7ms (Views: 6.4ms | ActiveRecord: 0.0ms)


Started GET "/mockup" for 127.0.0.1 at 2012-08-09 15:37:49 -0500
Processing by PagesController#home as HTML
  Rendered pages/home.html.erb within layouts/application (0.0ms)
Completed 200 OK in 6ms (Views: 6.0ms | ActiveRecord: 0.0ms)
